\BOOKMARK [1][-]{section*.1}{\376\377\000A\000b\000s\000t\000r\000a\000c\000t}{}% 1
\BOOKMARK [1][-]{section.1}{\376\377\0001\000\040\000I\000n\000t\000r\000o\000d\000u\000c\000t\000i\000o\000n}{}% 2
\BOOKMARK [1][-]{section.2}{\376\377\0002\000\040\000M\000o\000t\000i\000v\000a\000t\000i\000o\000n}{}% 3
\BOOKMARK [1][-]{section.3}{\376\377\0003\000\040\000A\000l\000g\000o\000r\000i\000t\000h\000m\000\040\000D\000e\000s\000i\000g\000n}{}% 4
\BOOKMARK [2][-]{subsection.3.1}{\376\377\0003\000.\0001\000\040\000D\000e\000s\000i\000g\000n\000\040\000P\000h\000i\000l\000o\000s\000o\000p\000h\000y}{section.3}% 5
\BOOKMARK [2][-]{subsection.3.2}{\376\377\0003\000.\0002\000\040\000T\000w\000o\000-\000S\000t\000a\000g\000e\000\040\000G\000r\000a\000p\000h\000\040\000C\000o\000l\000o\000r\000i\000n\000g\000\040\000A\000l\000g\000o\000r\000i\000t\000h\000m}{section.3}% 6
\BOOKMARK [1][-]{section.4}{\376\377\0004\000\040\000O\000p\000t\000i\000m\000i\000z\000a\000t\000i\000o\000n\000\040\000T\000e\000c\000h\000n\000i\000q\000u\000e\000s\000\040\000o\000n\000\040\000G\000P\000U}{}% 7
\BOOKMARK [2][-]{subsection.4.1}{\376\377\0004\000.\0001\000\040\000E\000l\000i\000m\000i\000n\000a\000t\000i\000n\000g\000\040\000C\000y\000c\000l\000i\000c\000\040\000P\000a\000t\000h\000s\000\040\000a\000n\000d\000\040\000A\000t\000o\000m\000i\000c\000\040\000O\000p\000e\000r\000a\000t\000i\000o\000n\000s}{section.4}% 8
\BOOKMARK [2][-]{subsection.4.2}{\376\377\0004\000.\0002\000\040\000C\000o\000l\000o\000r\000-\000c\000e\000n\000t\000r\000i\000c\000\040\000C\000o\000l\000o\000r\000i\000n\000g\000\040\000P\000a\000r\000a\000d\000i\000g\000m}{section.4}% 9
\BOOKMARK [2][-]{subsection.4.3}{\376\377\0004\000.\0003\000\040\000T\000h\000e\000\040\000E\000d\000g\000e\000l\000i\000s\000t\000\040\000G\000r\000a\000p\000h\000\040\000R\000e\000p\000r\000e\000s\000e\000n\000t\000a\000t\000i\000o\000n}{section.4}% 10
\BOOKMARK [1][-]{section.5}{\376\377\0005\000\040\000E\000v\000a\000l\000u\000a\000t\000i\000o\000n}{}% 11
\BOOKMARK [2][-]{subsection.5.1}{\376\377\0005\000.\0001\000\040\000E\000x\000p\000e\000r\000i\000m\000e\000n\000t\000a\000l\000\040\000S\000e\000t\000u\000p}{section.5}% 12
\BOOKMARK [2][-]{subsection.5.2}{\376\377\0005\000.\0002\000\040\000R\000e\000c\000u\000r\000s\000i\000o\000n\000\040\000A\000g\000a\000i\000n\000s\000t\000\040\000S\000e\000q\000u\000e\000n\000t\000i\000a\000l\000\040\000S\000p\000r\000e\000a\000d}{section.5}% 13
\BOOKMARK [2][-]{subsection.5.3}{\376\377\0005\000.\0003\000\040\000T\000i\000m\000i\000n\000g\000\040\000f\000o\000r\000\040\000S\000w\000i\000t\000c\000h\000i\000n\000g\000\040\000t\000h\000e\000\040\000E\000x\000e\000c\000u\000t\000i\000o\000n\000\040\000S\000t\000a\000g\000e}{section.5}% 14
\BOOKMARK [2][-]{subsection.5.4}{\376\377\0005\000.\0004\000\040\000C\000o\000m\000p\000a\000r\000i\000s\000o\000n\000\040\000A\000g\000a\000i\000n\000s\000t\000\040\000t\000h\000e\000\040\000S\000t\000a\000t\000e\000-\000o\000f\000-\000t\000h\000e\000-\000a\000r\000t\000\040\000T\000e\000c\000h\000n\000i\000q\000u\000e\000s}{section.5}% 15
\BOOKMARK [2][-]{subsection.5.5}{\376\377\0005\000.\0005\000\040\000T\000h\000e\000\040\000C\000o\000l\000o\000r\000-\000c\000e\000n\000t\000r\000i\000c\000\040\000S\000c\000h\000e\000m\000e\000\040\000i\000n\000\040\000F\000e\000l\000u\000c\000a}{section.5}% 16
\BOOKMARK [2][-]{subsection.5.6}{\376\377\0005\000.\0006\000\040\000R\000u\000n\000n\000i\000n\000g\000\040\000F\000e\000l\000u\000c\000a\000\040\000o\000n\000\040\000D\000i\000f\000f\000e\000r\000e\000n\000t\000\040\000G\000P\000U\000\040\000D\000e\000v\000i\000c\000e\000s}{section.5}% 17
\BOOKMARK [1][-]{section.6}{\376\377\0006\000\040\000R\000e\000l\000a\000t\000e\000d\000\040\000W\000o\000r\000k}{}% 18
\BOOKMARK [1][-]{section.7}{\376\377\0007\000\040\000C\000o\000n\000c\000l\000u\000s\000i\000o\000n\000\040\000a\000n\000d\000\040\000F\000u\000t\000u\000r\000e\000\040\000O\000p\000p\000o\000r\000t\000u\000n\000i\000t\000i\000e\000s}{}% 19
\BOOKMARK [1][-]{section*.20}{\376\377\000R\000e\000f\000e\000r\000e\000n\000c\000e\000s}{}% 20
